b:matches|02/18/01 at 16:19:26
132|02/16/01 at 23:13:48
general|02/18/01 at 05:49:26
cfg tweaking|02/06/01 at 22:05:50
discussion|02/17/01 at 22:56:18
138|02/17/01 at 22:56:18
133|02/15/01 at 17:00:23
124|02/06/01 at 22:05:50
plan:b|02/12/01 at 00:48:28
126|02/07/01 at 10:53:07
matches|02/07/01 at 10:53:07
139|02/17/01 at 13:55:05
140|02/17/01 at 18:07:55
134|02/14/01 at 13:36:41
131|02/13/01 at 18:22:59
121|02/16/01 at 20:59:29
136|02/16/01 at 12:07:10
135|02/16/01 at 00:10:36
104|02/02/01 at 01:35:20
128|02/12/01 at 00:21:45
