discussion|02/23/01 at 20:04:58
145|02/23/01 at 20:04:58
149|02/23/01 at 18:09:03
146|02/21/01 at 14:26:20
general|02/21/01 at 14:26:20
148|02/23/01 at 01:01:50
135|02/16/01 at 00:10:36
147|02/21/01 at 10:10:34
130|02/20/01 at 15:16:06
142|02/20/01 at 09:06:00
144|02/20/01 at 09:08:36
143|02/19/01 at 18:50:47
matches|02/19/01 at 18:50:47
138|02/17/01 at 22:56:18
134|02/18/01 at 16:19:26
b:matches|02/18/01 at 16:19:26
plan:b|02/12/01 at 00:48:28
131|02/13/01 at 18:22:59
141|02/17/01 at 20:38:22
140|02/17/01 at 18:07:55
139|02/17/01 at 13:55:05
132|02/16/01 at 23:13:48
121|02/16/01 at 20:59:29
137|02/16/01 at 20:38:01
136|02/16/01 at 12:07:10
133|02/15/01 at 17:00:23
cfg tweaking|02/06/01 at 22:05:50
129|02/12/01 at 16:20:25
128|02/12/01 at 00:21:45
127|02/12/01 at 00:48:28
123|02/10/01 at 11:55:48
120|02/10/01 at 11:11:18
122|02/10/01 at 11:05:56
126|02/07/01 at 10:53:07
125|02/07/01 at 10:52:09
124|02/06/01 at 22:05:50
