discussion|02/23/01 at 20:04:58
145|02/23/01 at 20:04:58
149|02/23/01 at 18:09:03
143|02/19/01 at 18:50:47
matches|02/19/01 at 18:50:47
148|02/23/01 at 01:01:50
146|02/21/01 at 14:26:20
general|02/21/01 at 14:26:20
147|02/21/01 at 10:10:34
142|02/20/01 at 09:06:00
130|02/20/01 at 15:16:06
144|02/20/01 at 09:08:36
126|02/07/01 at 10:53:07
138|02/17/01 at 22:56:18
127|02/12/01 at 00:48:28
plan:b|02/12/01 at 00:48:28
134|02/18/01 at 16:19:26
b:matches|02/18/01 at 16:19:26
141|02/17/01 at 20:38:22
140|02/17/01 at 18:07:55
139|02/17/01 at 13:55:05
137|02/16/01 at 20:38:01
128|02/12/01 at 00:21:45
132|02/15/01 at 19:44:23
129|02/12/01 at 16:20:25
133|02/15/01 at 17:00:23
136|02/16/01 at 12:07:10
135|02/16/01 at 00:10:36
124|02/06/01 at 22:05:50
cfg tweaking|02/06/01 at 22:05:50
121|02/10/01 at 15:08:46
