discussion|03/25/01 at 15:08:46
159|03/08/01 at 12:24:57
b:matches|03/08/01 at 12:24:57
182|03/25/01 at 15:08:46
160|03/17/01 at 12:38:56
167|03/13/01 at 14:24:34
general|03/19/01 at 09:56:36
171|03/25/01 at 14:07:47
180|03/24/01 at 20:55:02
181|03/24/01 at 22:52:42
cfg tweaking|03/19/01 at 21:45:37
179|03/21/01 at 13:35:18
177|03/18/01 at 21:49:17
174|03/16/01 at 12:42:36
175|03/16/01 at 00:39:30
165|03/15/01 at 10:40:32
164|03/15/01 at 09:59:32
170|03/15/01 at 09:57:34
166|03/15/01 at 09:56:40
169|03/15/01 at 09:55:57
161|03/10/01 at 15:49:33
157|03/04/01 at 13:49:40
plan:b|03/15/01 at 10:22:22
matches|03/13/01 at 22:07:29
173|03/15/01 at 10:44:21
162|03/10/01 at 18:30:05
