147|02/21/01 at 10:10:34
145|02/20/01 at 18:19:29
discussion|02/21/01 at 10:10:34
137|02/16/01 at 20:38:01
130|02/20/01 at 02:13:17
144|02/20/01 at 09:08:36
143|02/19/01 at 18:50:47
matches|02/19/01 at 18:50:47
142|02/20/01 at 09:06:00
general|02/20/01 at 09:06:00
139|02/17/01 at 13:55:05
132|02/16/01 at 23:13:48
140|02/17/01 at 18:07:55
138|02/17/01 at 13:25:01
134|02/14/01 at 13:36:41
b:matches|02/14/01 at 13:36:41
131|02/13/01 at 18:22:59
124|02/06/01 at 22:05:50
cfg tweaking|02/06/01 at 22:05:50
133|02/15/01 at 17:00:23
plan:b|02/12/01 at 00:48:28
135|02/15/01 at 19:51:44
136|02/15/01 at 19:48:28
126|02/07/01 at 10:53:07
123|02/10/01 at 11:55:48
121|02/10/01 at 15:08:46
129|02/12/01 at 09:58:21
128|02/12/01 at 00:21:45
127|02/12/01 at 00:48:28
