b:matches|04/02/01 at 17:44:12
204|04/24/01 at 23:49:48
general|04/24/01 at 23:49:48
discussion|04/20/01 at 18:49:09
203|04/20/01 at 18:49:09
200|04/20/01 at 14:18:04
202|04/19/01 at 20:25:42
201|04/18/01 at 12:17:21
195|04/11/01 at 21:12:31
198|04/14/01 at 10:50:29
196|04/13/01 at 16:55:09
e.news|04/13/01 at 16:55:09
197|04/13/01 at 14:45:56
191|04/11/01 at 03:09:49
192|04/08/01 at 13:45:19
193|04/09/01 at 08:44:53
matches|04/09/01 at 08:44:53
194|04/08/01 at 14:53:00
plan:b|04/08/01 at 14:53:00
190|04/05/01 at 23:31:00
