160|03/10/01 at 04:06:14
general|03/10/01 at 04:06:14
127|02/27/01 at 00:41:23
plan:b|02/27/01 at 00:41:23
159|03/08/01 at 12:24:57
b:matches|03/08/01 at 12:24:57
158|03/08/01 at 00:26:59
152|03/01/01 at 16:43:39
154|03/03/01 at 17:54:11
157|03/04/01 at 13:49:40
discussion|03/04/01 at 13:49:40
151|03/03/01 at 18:27:02
156|03/03/01 at 18:07:42
153|03/02/01 at 17:55:59
155|03/02/01 at 20:55:14
150|02/27/01 at 16:18:34
145|02/27/01 at 14:01:40
149|02/23/01 at 18:09:03
148|02/23/01 at 01:01:50
147|02/21/01 at 10:10:34
146|02/20/01 at 20:48:50
144|02/20/01 at 09:08:36
130|02/20/01 at 15:16:06
143|02/19/01 at 18:50:47
matches|02/19/01 at 18:50:47
