plan:b|03/15/01 at 10:22:22
171|03/15/01 at 20:00:04
175|03/16/01 at 00:39:30
174|03/16/01 at 12:42:36
discussion|03/16/01 at 12:42:36
159|03/08/01 at 12:24:57
b:matches|03/08/01 at 12:24:57
168|03/13/01 at 22:07:29
matches|03/13/01 at 22:07:29
151|03/03/01 at 18:27:02
157|03/04/01 at 13:49:40
173|03/15/01 at 10:44:21
165|03/15/01 at 10:40:32
164|03/15/01 at 09:59:32
170|03/15/01 at 09:57:34
162|03/10/01 at 18:30:05
cfg tweaking|03/10/01 at 18:30:05
172|03/15/01 at 10:22:22
163|03/10/01 at 18:51:57
166|03/15/01 at 09:56:40
169|03/15/01 at 09:55:57
167|03/13/01 at 14:24:34
general|03/13/01 at 14:24:34
152|03/01/01 at 16:43:39
160|03/10/01 at 18:31:57
